make all --print-data-base --no-builtin-variables --no-builtin-rules --question
# GNU Make 3.81
# Copyright (C) 2006  Free Software Foundation, Inc.
# This is free software; see the source for copying conditions.
# There is NO warranty; not even for MERCHANTABILITY or FITNESS FOR A
# PARTICULAR PURPOSE.

# This program built for i386-apple-darwin11.3.0
 
# GNU Make 3.81
# Copyright (C) 2006  Free Software Foundation, Inc.
# This is free software; see the source for copying conditions.
# There is NO warranty; not even for MERCHANTABILITY or FITNESS FOR A
# PARTICULAR PURPOSE.

# This program built for i386-apple-darwin11.3.0
 

# Make data base, printed on Mon May 24 23:22:29 2021

# Variables

# automatic
<D = $(patsubst %/,%,$(dir $<))
 
# automatic
?F = $(notdir $?)
# environment
VSCODE_LOG_NATIVE = false
# automatic
?D = $(patsubst %/,%,$(dir $?))
# automatic
@D = $(patsubst %/,%,$(dir $@))
# automatic
@F = $(notdir $@)
# makefile
CURDIR := /Users/sthrace/42Cursus/push_swap/libft
# makefile
SHELL = /bin/sh
# makefile (from `Makefile', line 95)
DEFAULT = \033[0m
# environment
VSCODE_NLS_CONFIG = {"locale":"en-us","availableLanguages":{},"_languagePackSupport":true}
# environment
_ = /usr/bin/make
# makefile (from `Makefile', line 59)
CFLAGS = -g3 -Wall -Wextra -Werror
# makefile (from `Makefile', line 1)
MAKEFILE_LIST :=  Makefile
# makefile (from `Makefile', line 3)
SRCS = ./ft_atoi.c ./ft_atol.c ./ft_bzero.c ./ft_calloc.c ./ft_isalnum.c ./ft_isalpha.c ./ft_isascii.c ./ft_isdigit.c ./ft_isprint.c ./ft_memchr.c ./ft_memcmp.c ./ft_memcpy.c ./ft_memccpy.c ./ft_memmove.c ./ft_memset.c ./ft_strchr.c ./ft_strdup.c ./ft_strlcat.c ./ft_strlcpy.c ./ft_strlen.c ./ft_strncmp.c ./ft_strnstr.c ./ft_strrchr.c ./ft_tolower.c ./ft_toupper.c ./ft_substr.c ./ft_strjoin.c ./ft_strtrim.c ./ft_split.c ./ft_itoa.c ./ft_strmapi.c ./ft_putchar_fd.c ./ft_putstr_fd.c ./ft_putendl_fd.c ./ft_putnbr_fd.c ./ft_charjoin.c ./ft_gnl.c ./ft_itoa_base.c ./ft_nbrlen_base.c ./ft_putnbr_base_fd.c ./ft_realloc.c ./ft_strncmpul.c ./ft_lstnew.c ./ft_lstadd_front.c ./ft_lstsize.c ./ft_lstlast.c ./ft_lstadd_back.c ./ft_lstdelone.c ./ft_lstclear.c ./ft_lstiter.c ./ft_lstmap.c 
# environment
VSCODE_NODE_CACHED_DATA_DIR = /Users/sthrace/Library/Application Support/Code/CachedData/054a9295330880ed74ceaedda236253b4f39a335
# environment
VSCODE_VERBOSE_LOGGING = true
# makefile (from `Makefile', line 55)
OBJS = $(SRCS:.c=.o)
# environment
VSCODE_IPC_HOOK_EXTHOST = /var/folders/zz/zyxvpxvq6csfxvn_n0001ry8000f7k/T/vscode-ipc-317c5944-8084-46b5-8478-bbfbf33dbcf8.sock
# environment
VSCODE_CWD = /
# environment
Apple_PubSub_Socket_Render = /private/tmp/com.apple.launchd.Yf2PKbf2OX/Render
# environment
PATH = /Users/sthrace/.brew/bin:/usr/local/bin:/usr/bin:/bin:/usr/sbin:/sbin:/usr/local/munki
# environment
VSCODE_LOG_STACK = false
# environment
ELECTRON_RUN_AS_NODE = 1
# default
.FEATURES := target-specific order-only second-expansion else-if archives jobserver check-symlink
# environment
SSH_AUTH_SOCK = /private/tmp/com.apple.launchd.BMLYbdDB6c/Listeners
# automatic
%F = $(notdir $%)
# environment
HOMEBREW_TEMP = /tmp/sthrace/Homebrew/Temp
# environment
VSCODE_PIPE_LOGGING = true
# environment
PWD = /Users/sthrace/42Cursus/push_swap
# environment
ORIGINAL_XDG_CURRENT_DESKTOP = undefined
# makefile (from `Makefile', line 91)
GREEN = \033[1;32m
# environment
VSCODE_AMD_ENTRYPOINT = vs/workbench/services/extensions/node/extensionHostProcess
# environment
HOME = /Users/sthrace
# default
MAKEFILEPATH := /Applications/Xcode.app/Contents/Developer/Makefiles
# environment
LOGNAME = sthrace
# environment
APPLICATION_INSIGHTS_NO_DIAGNOSTIC_CHANNEL = true
# environment
VSCODE_HANDLES_UNCAUGHT_ERRORS = true
# automatic
^D = $(patsubst %/,%,$(dir $^))
# environment
XPC_FLAGS = 0x0
# default
MAKE = $(MAKE_COMMAND)
# environment
HOMEBREW_CACHE = /tmp/sthrace/Homebrew/Caches
# environment
SHLVL = 1
# makefile (from `Makefile', line 94)
WHITE = \033[1;37m
# makefile (from `Makefile', line 58)
CC = clang
# default
MAKE_VERSION := 3.81
# environment
USER = sthrace
# makefile
.DEFAULT_GOAL := all
# makefile (from `Makefile', line 1)
NAME = libft.a
# automatic
%D = $(patsubst %/,%,$(dir $%))
# default
MAKE_COMMAND := /Applications/Xcode.app/Contents/Developer/usr/bin/make
# default
.VARIABLES := 
# environment
TMPDIR = /var/folders/zz/zyxvpxvq6csfxvn_n0001ry8000f7k/T/
# automatic
*F = $(notdir $*)
# environment
VSCODE_IPC_HOOK = /Users/sthrace/Library/Application Support/Code/1.56.2-main.sock
# makefile (from `Makefile', line 90)
RED = \033[1;31m
# makefile
MAKEFLAGS = sRrqp
# environment
MFLAGS = -sRrqp
# automatic
*D = $(patsubst %/,%,$(dir $*))
# environment
XPC_SERVICE_NAME = com.microsoft.VSCode.1208
# automatic
+D = $(patsubst %/,%,$(dir $+))
# makefile (from `Makefile', line 92)
YELLOW = \033[1;33m
# makefile (from `Makefile', line 93)
CYAN = \033[1;36m
# automatic
+F = $(notdir $+)
# environment
__CF_USER_TEXT_ENCODING = 0x38F2:0x0:0x0
# default
MAKEFILES := 
# automatic
<F = $(notdir $<)
# environment
LC_ALL = C
# makefile (from `Makefile', line 56)
HEADER = libft.h
# automatic
^F = $(notdir $^)
# default
SUFFIXES := 
# default
.INCLUDE_DIRS = /usr/local/include
# environment
MAKELEVEL := 1
# environment
LANG = C
# environment
VSCODE_PID = 816
# variable set hash-table stats:
# Load=74/1024=7%, Rehash=0, Collisions=8/109=7%

# Pattern-specific Variable Values

# No pattern-specific variable values.

# Directories

# . (device 16777227, inode 4951408): 57 files, no impossibilities.
 

# 57 files, no impossibilities in 1 directories.

# Implicit Rules

# No implicit rules.

# Files

# Not a target:
ft_strmapi.o:
#  Implicit rule search has not been done.
#  Modification time never checked.
#  File has not been updated.

# Not a target:
ft_lstiter.o:
#  Implicit rule search has not been done.
#  Modification time never checked.
#  File has not been updated.

# Not a target:
ft_memcpy.o:
#  Implicit rule search has not been done.
#  Modification time never checked.
#  File has not been updated.

# Not a target:
ft_itoa.o:
#  Implicit rule search has not been done.
#  Modification time never checked.
#  File has not been updated.

# Not a target:
ft_memcmp.o:
#  Implicit rule search has not been done.
#  Modification time never checked.
#  File has not been updated.

# Not a target:
ft_strlen.o:
#  Implicit rule search has not been done.
#  Modification time never checked.
#  File has not been updated.

# Not a target:
ft_isdigit.o:
#  Implicit rule search has not been done.
#  Modification time never checked.
#  File has not been updated.

all: libft.a
#  Phony target (prerequisite of .PHONY).
#  Implicit rule search has not been done.
#  File does not exist.
#  File has been updated.
#  Needs to be updated (-q is set).
# variable set hash-table stats:
# Load=0/32=0%, Rehash=0, Collisions=0/5=0%

# Not a target:
ft_lstlast.o:
#  Implicit rule search has not been done.
#  Modification time never checked.
#  File has not been updated.

# Not a target:
ft_memchr.o:
#  Implicit rule search has not been done.
#  Modification time never checked.
#  File has not been updated.

.PHONY: all clean fclean re leaks git
#  Implicit rule search has not been done.
#  Modification time never checked.
#  File has not been updated.

FCLEAN:
#  Implicit rule search has not been done.
#  Modification time never checked.
#  File has not been updated.
#  commands to execute (from `Makefile', line 104):
	echo "$(RED)REMOVING $(NAME) LIBRARY $(DEFAULT)"
	

# Not a target:
ft_calloc.o:
#  Implicit rule search has not been done.
#  Modification time never checked.
#  File has not been updated.

COMP:
#  Implicit rule search has not been done.
#  Implicit/static pattern stem: `'
#  File does not exist.
#  File has been updated.
#  Needs to be updated (-q is set).
# automatic
# @ := COMP
# automatic
# % := 
# automatic
# * := 
# automatic
# + := 
# automatic
# | := 
# automatic
# < := 
# automatic
# ^ := 
# automatic
# ? := 
# variable set hash-table stats:
# Load=8/32=25%, Rehash=0, Collisions=2/13=15%
#  commands to execute (from `Makefile', line 98):
	echo "\n$(WHITE)COMPILING $(NAME)$(DEFAULT)"
	

# Not a target:
ft_strncmpul.o:
#  Implicit rule search has not been done.
#  Modification time never checked.
#  File has not been updated.

# Not a target:
ft_tolower.o:
#  Implicit rule search has not been done.
#  Modification time never checked.
#  File has not been updated.

# Not a target:
ft_strrchr.o:
#  Implicit rule search has not been done.
#  Modification time never checked.
#  File has not been updated.

# Not a target:
ft_strjoin.o:
#  Implicit rule search has not been done.
#  Modification time never checked.
#  File has not been updated.

# Not a target:
ft_split.o:
#  Implicit rule search has not been done.
#  Modification time never checked.
#  File has not been updated.

# Not a target:
ft_lstclear.o:
#  Implicit rule search has not been done.
#  Modification time never checked.
#  File has not been updated.

# Not a target:
ft_strlcat.o:
#  Implicit rule search has not been done.
#  Modification time never checked.
#  File has not been updated.

git:
#  Phony target (prerequisite of .PHONY).
#  Implicit rule search has not been done.
#  File does not exist.
#  File has not been updated.
#  commands to execute (from `Makefile', line 80):
	make fclean
	@git add *
	@git commit -m "commit"
	@git push
	

# Not a target:
.SUFFIXES:
#  Implicit rule search has not been done.
#  Modification time never checked.
#  File has not been updated.

# Not a target:
ft_charjoin.o:
#  Implicit rule search has not been done.
#  Modification time never checked.
#  File has not been updated.

# Not a target:
Makefile:
#  Implicit rule search has been done.
#  Last modified 2021-05-18 09:07:00
#  File has been updated.
#  Successfully updated.
# variable set hash-table stats:
# Load=0/32=0%, Rehash=0, Collisions=0/0=0%

# Not a target:
ft_isprint.o:
#  Implicit rule search has not been done.
#  Modification time never checked.
#  File has not been updated.

libft.a: COMP ft_atoi.o ft_atol.o ft_bzero.o ft_calloc.o ft_isalnum.o ft_isalpha.o ft_isascii.o ft_isdigit.o ft_isprint.o ft_memchr.o ft_memcmp.o ft_memcpy.o ft_memccpy.o ft_memmove.o ft_memset.o ft_strchr.o ft_strdup.o ft_strlcat.o ft_strlcpy.o ft_strlen.o ft_strncmp.o ft_strnstr.o ft_strrchr.o ft_tolower.o ft_toupper.o ft_substr.o ft_strjoin.o ft_strtrim.o ft_split.o ft_itoa.o ft_strmapi.o ft_putchar_fd.o ft_putstr_fd.o ft_putendl_fd.o ft_putnbr_fd.o ft_charjoin.o ft_gnl.o ft_itoa_base.o ft_nbrlen_base.o ft_putnbr_base_fd.o ft_realloc.o ft_strncmpul.o ft_lstnew.o ft_lstadd_front.o ft_lstsize.o ft_lstlast.o ft_lstadd_back.o ft_lstdelone.o ft_lstclear.o ft_lstiter.o ft_lstmap.o DONE
#  Implicit rule search has not been done.
#  File does not exist.
#  File has been updated.
#  Needs to be updated (-q is set).
# variable set hash-table stats:
# Load=0/32=0%, Rehash=0, Collisions=0/5=0%
#  commands to execute (from `Makefile', line 64):
	ar rc $(NAME) ${OBJS}
	

# Not a target:
ft_bzero.o:
#  Implicit rule search has not been done.
#  Modification time never checked.
#  File has not been updated.

# Not a target:
ft_putnbr_base_fd.o:
#  Implicit rule search has not been done.
#  Modification time never checked.
#  File has not been updated.

# Not a target:
ft_atol.o:
#  Implicit rule search has not been done.
#  Modification time never checked.
#  File has not been updated.

# Not a target:
ft_lstnew.o:
#  Implicit rule search has not been done.
#  Modification time never checked.
#  File has not been updated.

# Not a target:
ft_putnbr_fd.o:
#  Implicit rule search has not been done.
#  Modification time never checked.
#  File has not been updated.

.c.o:
#  Implicit rule search has not been done.
#  Modification time never checked.
#  File has not been updated.
#  commands to execute (from `Makefile', line 67):
	$(CC) -c $(CFLAGS) -o $@ $<
	printf "$(WHITE)██"
	

fclean: clean FCLEAN
#  Phony target (prerequisite of .PHONY).
#  Implicit rule search has not been done.
#  File does not exist.
#  File has not been updated.
#  commands to execute (from `Makefile', line 74):
	rm -f $(NAME)
	

DONE:
#  Implicit rule search has not been done.
#  Modification time never checked.
#  File has not been updated.
#  commands to execute (from `Makefile', line 100):
	echo "\n$(WHITE)COMPILED $(NAME)$(DEFAULT)"
	

# Not a target:
ft_substr.o:
#  Implicit rule search has not been done.
#  Modification time never checked.
#  File has not been updated.

leaks:
#  Phony target (prerequisite of .PHONY).
#  Implicit rule search has not been done.
#  File does not exist.
#  File has not been updated.
#  commands to execute (from `Makefile', line 77):
	valgrind --show-leak-kinds=definite --leak-check=full ./$(NAME)
	

.SILENT:
#  Implicit rule search has not been done.
#  Modification time never checked.
#  File has not been updated.

# Not a target:
ft_isalpha.o:
#  Implicit rule search has not been done.
#  Modification time never checked.
#  File has not been updated.

# Not a target:
ft_lstsize.o:
#  Implicit rule search has not been done.
#  Modification time never checked.
#  File has not been updated.

# Not a target:
ft_gnl.o:
#  Implicit rule search has not been done.
#  Modification time never checked.
#  File has not been updated.

CLEAN:
#  Implicit rule search has not been done.
#  Modification time never checked.
#  File has not been updated.
#  commands to execute (from `Makefile', line 102):
	echo "$(YELLOW)REMOVING $(NAME) OBJECT FILES $(DEFAULT)"
	

# Not a target:
.DEFAULT:
#  Implicit rule search has not been done.
#  Modification time never checked.
#  File has not been updated.

 
# Not a target:
ft_strlcpy.o:
#  Implicit rule search has not been done.
#  Modification time never checked.
#  File has not been updated.

# Not a target:
ft_lstmap.o:
#  Implicit rule search has not been done.
#  Modification time never checked.
#  File has not been updated.

# Not a target:
ft_strncmp.o:
#  Implicit rule search has not been done.
#  Modification time never checked.
#  File has not been updated.

re: fclean all
#  Phony target (prerequisite of .PHONY).
#  Implicit rule search has not been done.
#  File does not exist.
#  File has not been updated.

clean: CLEAN
#  Phony target (prerequisite of .PHONY).
#  Implicit rule search has not been done.
#  File does not exist.
#  File has not been updated.
#  commands to execute (from `Makefile', line 71):
	rm -f ${OBJS}}
	

# Not a target:
ft_isalnum.o:
#  Implicit rule search has not been done.
#  Modification time never checked.
#  File has not been updated.

# Not a target:
ft_realloc.o:
#  Implicit rule search has not been done.
#  Modification time never checked.
#  File has not been updated.

# Not a target:
ft_lstadd_front.o:
#  Implicit rule search has not been done.
#  Modification time never checked.
#  File has not been updated.

# Not a target:
ft_isascii.o:
#  Implicit rule search has not been done.
#  Modification time never checked.
#  File has not been updated.

# Not a target:
ft_strdup.o:
#  Implicit rule search has not been done.
#  Modification time never checked.
#  File has not been updated.

# Not a target:
ft_lstdelone.o:
#  Implicit rule search has not been done.
#  Modification time never checked.
#  File has not been updated.

# Not a target:
ft_memmove.o:
#  Implicit rule search has not been done.
#  Modification time never checked.
#  File has not been updated.

# Not a target:
ft_strchr.o:
#  Implicit rule search has not been done.
#  Modification time never checked.
#  File has not been updated.

# Not a target:
ft_toupper.o:
#  Implicit rule search has not been done.
#  Modification time never checked.
#  File has not been updated.

# Not a target:
ft_strnstr.o:
#  Implicit rule search has not been done.
#  Modification time never checked.
#  File has not been updated.

# Not a target:
ft_putstr_fd.o:
#  Implicit rule search has not been done.
#  Modification time never checked.
#  File has not been updated.

# Not a target:
ft_memccpy.o:
#  Implicit rule search has not been done.
#  Modification time never checked.
#  File has not been updated.

# Not a target:
ft_memset.o:
#  Implicit rule search has not been done.
#  Modification time never checked.
#  File has not been updated.

# Not a target:
ft_putchar_fd.o:
#  Implicit rule search has not been done.
#  Modification time never checked.
#  File has not been updated.

# Not a target:
ft_atoi.o:
#  Implicit rule search has not been done.
#  Modification time never checked.
#  File has not been updated.

# Not a target:
ft_strtrim.o:
#  Implicit rule search has not been done.
#  Modification time never checked.
#  File has not been updated.

# Not a target:
ft_nbrlen_base.o:
#  Implicit rule search has not been done.
#  Modification time never checked.
#  File has not been updated.

# Not a target:
ft_lstadd_back.o:
#  Implicit rule search has not been done.
#  Modification time never checked.
#  File has not been updated.

# Not a target:
ft_itoa_base.o:
#  Implicit rule search has not been done.
#  Modification time never checked.
#  File has not been updated.

# Not a target:
ft_putendl_fd.o:
#  Implicit rule search has not been done.
#  Modification time never checked.
#  File has not been updated.

# files hash-table stats:
# Load=68/1024=7%, Rehash=0, Collisions=12/146=8%
# VPATH Search Paths

# No `vpath' search paths.

# No general (`VPATH' variable) search path.

# # of strings in strcache: 1
# # of strcache buffers: 1
# strcache size: total = 4096 / max = 4096 / min = 4096 / avg = 4096
# strcache free: total = 4087 / max = 4087 / min = 4087 / avg = 4087

# Finished Make data base on Mon May 24 23:22:29 2021


# Make data base, printed on Mon May 24 23:22:29 2021

# Variables

# automatic
<D = $(patsubst %/,%,$(dir $<))
# automatic
?F = $(notdir $?)
# environment
VSCODE_LOG_NATIVE = false
# automatic
?D = $(patsubst %/,%,$(dir $?))
# automatic
@D = $(patsubst %/,%,$(dir $@))
# automatic
@F = $(notdir $@)
# makefile
CURDIR := /Users/sthrace/42Cursus/push_swap
# makefile
SHELL = /bin/sh
# makefile (from `Makefile', line 27)
RM = rm -rf
# environment
VSCODE_NLS_CONFIG = {"locale":"en-us","availableLanguages":{},"_languagePackSupport":true}
# environment
_ = /usr/bin/make
# makefile (from `Makefile', line 25)
CFLAGS = -g3 -Wall -Werror -Wextra
# makefile (from `Makefile', line 1)
MAKEFILE_LIST :=  Makefile
# makefile (from `Makefile', line 4)
SRCS = srcs/push_swap.c srcs/utils.c srcs/validator.c srcs/calc.c srcs/operations.c srcs/alg_3_5.c srcs/alg_100.c srcs/alg_100_utils.c
# environment
VSCODE_NODE_CACHED_DATA_DIR = /Users/sthrace/Library/Application Support/Code/CachedData/054a9295330880ed74ceaedda236253b4f39a335
# environment
VSCODE_VERBOSE_LOGGING = true
# makefile (from `Makefile', line 19)
OBJS = $(SRCS:.c=.o)
# environment
VSCODE_IPC_HOOK_EXTHOST = /var/folders/zz/zyxvpxvq6csfxvn_n0001ry8000f7k/T/vscode-ipc-317c5944-8084-46b5-8478-bbfbf33dbcf8.sock
# environment
VSCODE_CWD = /
# environment
Apple_PubSub_Socket_Render = /private/tmp/com.apple.launchd.Yf2PKbf2OX/Render
# environment
PATH = /Users/sthrace/.brew/bin:/usr/local/bin:/usr/bin:/bin:/usr/sbin:/sbin:/usr/local/munki
# makefile (from `Makefile', line 13)
SRCS_C = srcs/checker.c srcs/utils.c srcs/validator.c srcs/calc.c srcs/operations.c
# environment
VSCODE_LOG_STACK = false
# environment
ELECTRON_RUN_AS_NODE = 1
# default
.FEATURES := target-specific order-only second-expansion else-if archives jobserver check-symlink
# makefile (from `Makefile', line 21)
LIBFT_DIR = libft/
# makefile (from `Makefile', line 2)
NAME_C = checker
# environment
SSH_AUTH_SOCK = /private/tmp/com.apple.launchd.BMLYbdDB6c/Listeners
# automatic
%F = $(notdir $%)
# environment
HOMEBREW_TEMP = /tmp/sthrace/Homebrew/Temp
# environment
VSCODE_PIPE_LOGGING = true
# environment
PWD = /Users/sthrace/42Cursus/push_swap
# environment
ORIGINAL_XDG_CURRENT_DESKTOP = undefined
# makefile (from `Makefile', line 92)
GREEN = \033[1;32m
# environment
VSCODE_AMD_ENTRYPOINT = vs/workbench/services/extensions/node/extensionHostProcess
# environment
HOME = /Users/sthrace
# default
MAKEFILEPATH := /Applications/Xcode.app/Contents/Developer/Makefiles
# environment
LOGNAME = sthrace
# environment
APPLICATION_INSIGHTS_NO_DIAGNOSTIC_CHANNEL = true
# environment
VSCODE_HANDLES_UNCAUGHT_ERRORS = true
# automatic
^D = $(patsubst %/,%,$(dir $^))
# environment
XPC_FLAGS = 0x0
# default
MAKE = $(MAKE_COMMAND)
# default
MAKECMDGOALS := all
# environment
HOMEBREW_CACHE = /tmp/sthrace/Homebrew/Caches
# environment
SHLVL = 1
# makefile (from `Makefile', line 95)
WHITE = \033[1;37m
# makefile (from `Makefile', line 22)
LIBFT = $(LIBFT_DIR)libft.a
# makefile (from `Makefile', line 24)
CC = clang
# default
MAKE_VERSION := 3.81
# environment
USER = sthrace
# makefile
.DEFAULT_GOAL := all
# makefile (from `Makefile', line 1)
NAME = push_swap
# automatic
%D = $(patsubst %/,%,$(dir $%))
# default
MAKE_COMMAND := /Applications/Xcode.app/Contents/Developer/usr/bin/make
# default
.VARIABLES := 
# environment
TMPDIR = /var/folders/zz/zyxvpxvq6csfxvn_n0001ry8000f7k/T/
# automatic
*F = $(notdir $*)
# makefile (from `Makefile', line 20)
OBJS_C = $(SRCS_C:.c=.o)
# environment
VSCODE_IPC_HOOK = /Users/sthrace/Library/Application Support/Code/1.56.2-main.sock
# makefile (from `Makefile', line 91)
RED = \033[1;31m
# makefile
MAKEFLAGS = sRrqp
# environment
MFLAGS = -sRrqp
# automatic
*D = $(patsubst %/,%,$(dir $*))
# environment
XPC_SERVICE_NAME = com.microsoft.VSCode.1208
# automatic
+D = $(patsubst %/,%,$(dir $+))
# makefile (from `Makefile', line 93)
YELLOW = \033[1;33m
# makefile (from `Makefile', line 94)
CYAN = \033[1;36m
# automatic
+F = $(notdir $+)
# environment
__CF_USER_TEXT_ENCODING = 0x38F2:0x0:0x0
# default
MAKEFILES := 
# automatic
<F = $(notdir $<)
# environment
LC_ALL = C
 
make: *** [library] Error 1
 
# makefile (from `Makefile', line 96)
DEFAULT = \033[0m
# automatic
^F = $(notdir $^)
# default
SUFFIXES := 
# default
.INCLUDE_DIRS = /usr/local/include
# environment
MAKELEVEL := 0
# environment
LANG = C
# environment
VSCODE_PID = 816
# variable set hash-table stats:
# Load=80/1024=8%, Rehash=0, Collisions=6/117=5%

# Pattern-specific Variable Values

# No pattern-specific variable values.

# Directories

# . (device 16777227, inode 4950980): 16 files, no impossibilities.

# 16 files, no impossibilities in 1 directories.

# Implicit Rules

%.o: %.c
#  commands to execute (from `Makefile', line 38):
	$(CC) -c $(CFLAGS) -o $@ $<
	printf "$(CYAN)██"		
	

# 1 implicit rules, 0 (0.0%) terminal.

# Files

# Not a target:
srcs/alg_100.o:
#  Implicit rule search has not been done.
#  Modification time never checked.
#  File has not been updated.

all: push_swap
#  Phony target (prerequisite of .PHONY).
#  Command-line target.
#  Implicit rule search has not been done.
#  File does not exist.
#  File has not been updated.
# variable set hash-table stats:
# Load=0/32=0%, Rehash=0, Collisions=0/5=0%

# Not a target:
srcs/checker.o:
#  Implicit rule search has not been done.
#  Modification time never checked.
#  File has not been updated.

.PHONY: all clean fclean re
#  Implicit rule search has not been done.
#  Modification time never checked.
#  File has not been updated.

FCLEAN:
#  Implicit rule search has not been done.
#  Modification time never checked.
#  File has not been updated.
#  commands to execute (from `Makefile', line 86):
	echo "$(RED)REMOVING $(NAME) $(NAME_C) EXECUTABLE$(DEFAULT)"
	

COMP:
#  Implicit rule search has not been done.
#  Modification time never checked.
#  File has not been updated.
#  commands to execute (from `Makefile', line 80):
	echo "\n$(CYAN)COMPILING $(NAME) $(NAME_C)$(DEFAULT)"
	

# Not a target:
srcs/validator.o:
#  Implicit rule search has not been done.
#  Modification time never checked.
#  File has not been updated.

git:
#  Implicit rule search has not been done.
#  Modification time never checked.
#  File has not been updated.
#  commands to execute (from `Makefile', line 60):
	make fclean
	git add .
	git commit -m "commit"
	git push
	

# Not a target:
.SUFFIXES:
#  Implicit rule search has not been done.
#  Modification time never checked.
#  File has not been updated.

# Not a target:
Makefile:
#  Implicit rule search has been done.
#  Last modified 2021-05-24 22:07:08
#  File has been updated.
#  Successfully updated.
# variable set hash-table stats:
# Load=0/32=0%, Rehash=0, Collisions=0/0=0%

space:
#  Implicit rule search has not been done.
#  Modification time never checked.
#  File has not been updated.
#  commands to execute (from `Makefile', line 66):
	rm -rf ~/Library/Application\ Support/Code/Cache/*
	rm -rf ~/Library/Application\ Support/Code/CachedData/*
	rm -rf ~/Library/Application Support/Spotify/PersistentCache
	rm -rf ~/Library/Application\ Support/Code/User/workspaceStoragerm -rf ~/Library/Caches/*
	rm -rf ~/Library/42_cache
	rm -rf ~/Library/Application\ Support/Slack/Service\ Worker/CacheStorage/
	rm -rf ~/Library/Application\ Support/Slack/Cache/
	rm -rf ~/Library/Application\ Support/Slack/Code\ Cache/
	rm -rf ~/Library/Caches/
	

# Not a target:
srcs/utils.o:
#  Implicit rule search has not been done.
#  Modification time never checked.
#  File has not been updated.

fclean: clean FCLEAN LIBFCLEAN
#  Phony target (prerequisite of .PHONY).
#  Implicit rule search has not been done.
#  File does not exist.
#  File has not been updated.
#  commands to execute (from `Makefile', line 50):
	@$(RM) $(NAME)
	@$(RM) $(NAME_C)
	@$(RM) $(LIBFT)
	

DONE:
#  Implicit rule search has not been done.
#  Modification time never checked.
#  File has not been updated.
#  commands to execute (from `Makefile', line 82):
	echo "\n$(CYAN)COMPILED $(NAME) $(NAME_C)$(DEFAULT)"
	

library:
#  Implicit rule search has not been done.
#  Implicit/static pattern stem: `'
#  Modification time never checked.
#  File has been updated.
#  Failed to be updated.
# automatic
# @ := library
# automatic
# % := 
# automatic
# * := 
# automatic
# + := 
# automatic
# | := 
# automatic
# < := 
# automatic
# ^ := 
# automatic
# ? := 
# variable set hash-table stats:
# Load=8/32=25%, Rehash=0, Collisions=3/13=23%
#  commands to execute (from `Makefile', line 42):
	@$(MAKE) -C $(LIBFT_DIR)
	

leaks:
#  Implicit rule search has not been done.
#  Modification time never checked.
#  File has not been updated.
#  commands to execute (from `Makefile', line 57):
	valgrind --leak-check=full --show-leak-kinds=all ./$(NAME) "1 2 3" 15 "25" 0 "10 -14"
	

# Not a target:
srcs/alg_3_5.o:
#  Implicit rule search has not been done.
#  Modification time never checked.
#  File has not been updated.

.SILENT:
#  Implicit rule search has not been done.
#  Modification time never checked.
#  File has not been updated.

LIBFCLEAN:
#  Implicit rule search has not been done.
#  Modification time never checked.
#  File has not been updated.
#  commands to execute (from `Makefile', line 88):
	echo "$(RED)REMOVING libft.a LIBRARY $(DEFAULT)"
	

CLEAN:
#  Implicit rule search has not been done.
#  Modification time never checked.
#  File has not been updated.
#  commands to execute (from `Makefile', line 84):
	echo "\n$(YELLOW)REMOVING $(NAME) $(NAME_C) OBJECT FILES $(DEFAULT)"
	

# Not a target:
.DEFAULT:
#  Implicit rule search has not been done.
#  Modification time never checked.
#  File has not been updated.

# Not a target:
srcs/calc.o:
#  Implicit rule search has not been done.
#  Modification time never checked.
#  File has not been updated.

checker: COMP srcs/checker.o srcs/utils.o srcs/validator.o srcs/calc.o srcs/operations.o DONE
#  Implicit rule search has not been done.
#  Modification time never checked.
#  File has not been updated.
#  commands to execute (from `Makefile', line 35):
	@$(CC) $(CFLAGS) -o $(NAME_C) $(OBJS_C) $(LIBFT)
	

re: fclean all
#  Phony target (prerequisite of .PHONY).
#  Implicit rule search has not been done.
#  File does not exist.
#  File has not been updated.

clean: CLEAN
#  Phony target (prerequisite of .PHONY).
#  Implicit rule search has not been done.
#  File does not exist.
#  File has not been updated.
#  commands to execute (from `Makefile', line 45):
	@$(RM) $(OBJS)
	@$(RM) $(OBJS_C)
	@$(MAKE) -C $(LIBFT_DIR) clean
	

push_swap: library COMP srcs/push_swap.o srcs/utils.o srcs/validator.o srcs/calc.o srcs/operations.o srcs/alg_3_5.o srcs/alg_100.o srcs/alg_100_utils.o checker DONE
#  Implicit rule search has not been done.
#  File does not exist.
#  File has not been updated.
# variable set hash-table stats:
# Load=0/32=0%, Rehash=0, Collisions=0/5=0%
#  commands to execute (from `Makefile', line 32):
	@$(CC) $(CFLAGS) -o $(NAME) $(OBJS) $(LIBFT)
	

# Not a target:
srcs/alg_100_utils.o:
#  Implicit rule search has not been done.
#  Modification time never checked.
#  File has not been updated.

# Not a target:
srcs/operations.o:
#  Implicit rule search has not been done.
#  Modification time never checked.
#  File has not been updated.

# Not a target:
srcs/push_swap.o:
#  Implicit rule search has not been done.
#  Modification time never checked.
#  File has not been updated.

# files hash-table stats:
# Load=29/1024=3%, Rehash=0, Collisions=0/74=0%
# VPATH Search Paths

# No `vpath' search paths.

# No general (`VPATH' variable) search path.

# # of strings in strcache: 1
# # of strcache buffers: 1
# strcache size: total = 4096 / max = 4096 / min = 4096 / avg = 4096
# strcache free: total = 4087 / max = 4087 / min = 4087 / avg = 4087

# Finished Make data base on Mon May 24 23:22:29 2021

 
